<?xml version="1.0" encoding="UTF-8"?>
<!-- Generated by org.testng.reporters.JUnitReportReporter -->
<testsuite hostname="DESKTOP-LFJNAE7" name="scenarios.Scenario2" tests="1" failures="0" timestamp="17 Dec 2019 13:54:03 GMT" time="19.743" errors="0">
  <testcase name="testSearch" time="19.743" classname="scenarios.Scenario2"/>
</testsuite> <!-- scenarios.Scenario2 -->
