<?xml version="1.0" encoding="UTF-8"?>
<!-- Generated by org.testng.reporters.JUnitReportReporter -->
<testsuite hostname="DESKTOP-LFJNAE7" name="scenarios.Scenario2" tests="1" failures="0" timestamp="18 Dec 2019 03:01:42 GMT" time="22.230" errors="0">
  <testcase name="testSearch" time="22.230" classname="scenarios.Scenario2"/>
</testsuite> <!-- scenarios.Scenario2 -->
