<?xml version="1.0" encoding="UTF-8"?>
<!-- Generated by org.testng.reporters.JUnitReportReporter -->
<testsuite hostname="DESKTOP-LFJNAE7" name="scenarios.Scenario2" tests="2" failures="0" timestamp="22 Dec 2019 13:06:12 GMT" time="47.059" errors="0">
  <testcase name="testSearch" time="19.203" classname="scenarios.Scenario2"/>
  <testcase name="testSearch" time="27.856" classname="scenarios.Scenario2"/>
</testsuite> <!-- scenarios.Scenario2 -->
