<?xml version="1.0" encoding="UTF-8"?>
<!-- Generated by org.testng.reporters.JUnitReportReporter -->
<testsuite hostname="DESKTOP-LFJNAE7" name="scenarios.Scenario1" tests="1" failures="0" timestamp="9 Dec 2019 15:38:18 GMT" time="26.219" errors="0">
  <testcase name="menubarClick" time="26.219" classname="scenarios.Scenario1"/>
</testsuite> <!-- scenarios.Scenario1 -->
