<?xml version="1.0" encoding="UTF-8"?>
<!-- Generated by org.testng.reporters.JUnitReportReporter -->
<testsuite hostname="DESKTOP-LFJNAE7" name="scenarios.ToTest" tests="1" failures="0" timestamp="22 Dec 2019 13:07:45 GMT" time="0.000" errors="0">
  <testcase name="test1" time="0.000" classname="scenarios.ToTest"/>
</testsuite> <!-- scenarios.ToTest -->
