<?xml version="1.0" encoding="UTF-8"?>
<!-- Generated by org.testng.reporters.JUnitReportReporter -->
<testsuite hostname="DESKTOP-LFJNAE7" name="scenarios.Scenario2" tests="1" failures="0" timestamp="17 Dec 2019 17:52:30 GMT" time="0.792" errors="0">
  <testcase name="testSearch" time="0.792" classname="scenarios.Scenario2"/>
</testsuite> <!-- scenarios.Scenario2 -->
