<?xml version="1.0" encoding="UTF-8"?>
<!-- Generated by org.testng.reporters.JUnitReportReporter -->
<testsuite hostname="DESKTOP-LFJNAE7" name="scenarios.Scenario1" tests="2" failures="0" timestamp="9 Dec 2019 18:06:54 GMT" time="39.632" errors="0">
  <testcase name="pageTitle" time="16.154" classname="scenarios.Scenario1"/>
  <testcase name="menubarClick" time="23.478" classname="scenarios.Scenario1"/>
</testsuite> <!-- scenarios.Scenario1 -->
