<?xml version="1.0" encoding="UTF-8"?>
<!-- Generated by org.testng.reporters.JUnitReportReporter -->
<testsuite hostname="DESKTOP-LFJNAE7" name="scenarios.ToTest" tests="1" failures="0" timestamp="4 Dec 2019 03:55:22 GMT" time="22.312" errors="0">
  <testcase name="test1" time="22.312" classname="scenarios.ToTest"/>
</testsuite> <!-- scenarios.ToTest -->
