<?xml version="1.0" encoding="UTF-8"?>
<!-- Generated by org.testng.reporters.JUnitReportReporter -->
<testsuite hostname="DESKTOP-LFJNAE7" name="scenarios.Scenario1" tests="2" failures="0" timestamp="4 Dec 2019 04:51:01 GMT" time="36.782" errors="0">
  <testcase name="menuBarClick" time="17.903" classname="scenarios.Scenario1"/>
  <testcase name="pageTitle" time="18.879" classname="scenarios.Scenario1"/>
</testsuite> <!-- scenarios.Scenario1 -->
